<?xml version="1.0" encoding="utf-8"?><testsuites name="pytest tests"><testsuite name="pytest" errors="0" failures="0" skipped="0" tests="26" time="0.101" timestamp="2026-09-12T07:08:53.796593+00:00" hostname="agent-env-8f21c8e2-2d25-4798-a9f5-037425881c44"><testcase classname="backend.tests.test_seo_static.TestTailwind" name="test_index_has_compiled_link" time="0.004" /><testcase classname="backend.tests.test_seo_static.TestTailwind" name="test_index_no_cdn_tailwind" time="0.000" /><testcase classname="backend.tests.test_seo_static.TestTailwind" name="test_dist_css_served" time="0.002" /><testcase classname="backend.tests.test_seo_static.TestCanonical" name="test_canonical_link" time="0.000" /><testcase classname="backend.tests.test_seo_static.TestCanonical" name="test_og_url" time="0.000" /><testcase classname="backend.tests.test_seo_static.TestCanonical" name="test_no_old_domain" time="0.001" /><testcase classname="backend.tests.test_seo_static.TestViewport" name="test_viewport_meta" time="0.000" /><testcase classname="backend.tests.test_seo_static.TestRobots" name="test_bot_present[GPTBot]" time="0.002" /><testcase classname="backend.tests.test_seo_static.TestRobots" name="test_bot_present[PerplexityBot]" time="0.000" /><testcase classname="backend.tests.test_seo_static.TestRobots" name="test_bot_present[ClaudeBot]" time="0.000" /><testcase classname="backend.tests.test_seo_static.TestRobots" name="test_bot_present[Google-Extended]" time="0.000" /><testcase classname="backend.tests.test_seo_static.TestRobots" name="test_bot_present[OAI-SearchBot]" time="0.000" /><testcase classname="backend.tests.test_seo_static.TestRobots" name="test_sitemap_line" time="0.000" /><testcase classname="backend.tests.test_seo_static.TestSitemap" name="test_sitemap" time="0.003" /><testcase classname="backend.tests.test_seo_static.TestLlmsTxt" name="test_llms" time="0.002" /><testcase classname="backend.tests.test_seo_static.TestImages" name="test_image_served[location-map.jpg]" time="0.002" /><testcase classname="backend.tests.test_seo_static.TestImages" name="test_image_served[floorplan-office.jpg]" time="0.002" /><testcase classname="backend.tests.test_seo_static.TestImages" name="test_image_served[floorplan-commercial.jpg]" time="0.002" /><testcase classname="backend.tests.test_seo_static.TestImages" name="test_image_served[floorplan-office-config.jpg]" time="0.002" /><testcase classname="backend.tests.test_seo_static.TestImages" name="test_html_references_local_images" time="0.000" /><testcase classname="backend.tests.test_seo_static.TestImages" name="test_no_hotlink" time="0.000" /><testcase classname="backend.tests.test_seo_static.TestJsonLd" name="test_top_level_types" time="0.001" /><testcase classname="backend.tests.test_seo_static.TestJsonLd" name="test_real_estate_listing" time="0.000" /><testcase classname="backend.tests.test_seo_static.TestJsonLd" name="test_organization" time="0.000" /><testcase classname="backend.tests.test_seo_static.TestJsonLd" name="test_faq" time="0.000" /><testcase classname="backend.tests.test_seo_static.TestJsonLd" name="test_breadcrumb" time="0.000" /></testsuite></testsuites>